2022-06-23 16:04:33 [scrapy.utils.log] INFO: Scrapy 1.7.3 started (bot: crawltest)
2022-06-23 16:04:33 [scrapy.utils.log] INFO: Versions: lxml 4.4.1.0, libxml2 2.9.5, cssselect 1.1.0, parsel 1.5.2, w3lib 1.21.0, Twisted 19.7.0, Python 3.6.0 (v3.6.0:41df79263a11, Dec 23 2016, 08:06:12) [MSC v.1900 64 bit (AMD64)], pyOpenSSL 19.0.0 (OpenSSL 1.1.1c  28 May 2019), cryptography 2.7, Platform Windows-10-10.0.19041-SP0
2022-06-23 16:04:33 [scrapy.crawler] INFO: Overridden settings: {'BOT_NAME': 'crawltest', 'DOWNLOAD_DELAY': 1, 'DUPEFILTER_CLASS': 'scrapy_splash.SplashAwareDupeFilter', 'HTTPCACHE_STORAGE': 'scrapy_splash.SplashAwareFSCacheStorage', 'LOG_FILE': 'logs\\default\\lazada\\7c6f393ef2d311ec8dccacd564a90faa.log', 'NEWSPIDER_MODULE': 'crawltest.spiders', 'SPIDER_MODULES': ['crawltest.spiders'], 'USER_AGENT': 'Mozilla/5.0 (compatible; Googlebot/2.1; +http://www.google.com/bot.html)'}
2022-06-23 16:04:33 [scrapy.extensions.telnet] INFO: Telnet Password: 8231541b9dc8877b
2022-06-23 16:04:33 [scrapy.middleware] INFO: Enabled extensions:
['scrapy.extensions.corestats.CoreStats',
 'scrapy.extensions.telnet.TelnetConsole',
 'scrapy.extensions.logstats.LogStats']
2022-06-23 16:04:33 [scrapy.middleware] INFO: Enabled downloader middlewares:
['scrapy.downloadermiddlewares.httpauth.HttpAuthMiddleware',
 'scrapy.downloadermiddlewares.downloadtimeout.DownloadTimeoutMiddleware',
 'scrapy.downloadermiddlewares.defaultheaders.DefaultHeadersMiddleware',
 'scrapy.downloadermiddlewares.useragent.UserAgentMiddleware',
 'scrapy.downloadermiddlewares.retry.RetryMiddleware',
 'scrapy.downloadermiddlewares.redirect.MetaRefreshMiddleware',
 'scrapy.downloadermiddlewares.redirect.RedirectMiddleware',
 'scrapy.downloadermiddlewares.cookies.CookiesMiddleware',
 'scrapy_splash.SplashCookiesMiddleware',
 'scrapy_splash.SplashMiddleware',
 'scrapy.downloadermiddlewares.httpproxy.HttpProxyMiddleware',
 'scrapy.downloadermiddlewares.httpcompression.HttpCompressionMiddleware',
 'scrapy.downloadermiddlewares.stats.DownloaderStats']
2022-06-23 16:04:33 [scrapy.middleware] INFO: Enabled spider middlewares:
['scrapy.spidermiddlewares.httperror.HttpErrorMiddleware',
 'scrapy_splash.SplashDeduplicateArgsMiddleware',
 'scrapy.spidermiddlewares.offsite.OffsiteMiddleware',
 'scrapy.spidermiddlewares.referer.RefererMiddleware',
 'scrapy.spidermiddlewares.urllength.UrlLengthMiddleware',
 'scrapy.spidermiddlewares.depth.DepthMiddleware']
2022-06-23 16:04:33 [scrapy.middleware] INFO: Enabled item pipelines:
[]
2022-06-23 16:04:33 [scrapy.core.engine] INFO: Spider opened
2022-06-23 16:04:33 [scrapy.extensions.logstats] INFO: Crawled 0 pages (at 0 pages/min), scraped 0 items (at 0 items/min)
2022-06-23 16:04:33 [scrapy.extensions.telnet] INFO: Telnet console listening on 127.0.0.1:6023
2022-06-23 16:04:33 [scrapy.downloadermiddlewares.redirect] DEBUG: Redirecting (301) to <GET https://www.lazada.vn/dien-thoai-di-dong/> from <GET https://www.lazada.vn/dien-thoai-di-dong>
2022-06-23 16:04:34 [scrapy.core.engine] DEBUG: Crawled (200) <GET https://www.lazada.vn/dien-thoai-di-dong/> (referer: None)
2022-06-23 16:04:34 [scrapy.core.scraper] ERROR: Spider error processing <GET https://www.lazada.vn/dien-thoai-di-dong/> (referer: None)
Traceback (most recent call last):
  File "C:\Users\DELL\Desktop\Git\MyEcommerceApp\venv\lib\site-packages\scrapy\utils\defer.py", line 102, in iter_errback
    yield next(it)
  File "C:\Users\DELL\Desktop\Git\MyEcommerceApp\venv\lib\site-packages\scrapy\core\spidermw.py", line 84, in evaluate_iterable
    for r in iterable:
  File "C:\Users\DELL\Desktop\Git\MyEcommerceApp\venv\lib\site-packages\scrapy_splash\middleware.py", line 162, in process_spider_output
    for el in result:
  File "C:\Users\DELL\Desktop\Git\MyEcommerceApp\venv\lib\site-packages\scrapy\core\spidermw.py", line 84, in evaluate_iterable
    for r in iterable:
  File "C:\Users\DELL\Desktop\Git\MyEcommerceApp\venv\lib\site-packages\scrapy\spidermiddlewares\offsite.py", line 29, in process_spider_output
    for x in result:
  File "C:\Users\DELL\Desktop\Git\MyEcommerceApp\venv\lib\site-packages\scrapy\core\spidermw.py", line 84, in evaluate_iterable
    for r in iterable:
  File "C:\Users\DELL\Desktop\Git\MyEcommerceApp\venv\lib\site-packages\scrapy\spidermiddlewares\referer.py", line 339, in <genexpr>
    return (_set_referer(r) for r in result or ())
  File "C:\Users\DELL\Desktop\Git\MyEcommerceApp\venv\lib\site-packages\scrapy\core\spidermw.py", line 84, in evaluate_iterable
    for r in iterable:
  File "C:\Users\DELL\Desktop\Git\MyEcommerceApp\venv\lib\site-packages\scrapy\spidermiddlewares\urllength.py", line 37, in <genexpr>
    return (r for r in result or () if _filter(r))
  File "C:\Users\DELL\Desktop\Git\MyEcommerceApp\venv\lib\site-packages\scrapy\core\spidermw.py", line 84, in evaluate_iterable
    for r in iterable:
  File "C:\Users\DELL\Desktop\Git\MyEcommerceApp\venv\lib\site-packages\scrapy\spidermiddlewares\depth.py", line 58, in <genexpr>
    return (r for r in result or () if _filter(r))
  File "C:\Users\DELL\Desktop\Git\MyEcommerceApp\myecommerce\crawltest\crawltest\spiders\lazada.py", line 46, in parse
    driver = response.request.meta['driver']
KeyError: 'driver'
2022-06-23 16:04:34 [scrapy.core.engine] INFO: Closing spider (finished)
2022-06-23 16:04:34 [scrapy.statscollectors] INFO: Dumping Scrapy stats:
{'downloader/request_bytes': 537,
 'downloader/request_count': 2,
 'downloader/request_method_count/GET': 2,
 'downloader/response_bytes': 55140,
 'downloader/response_count': 2,
 'downloader/response_status_count/200': 1,
 'downloader/response_status_count/301': 1,
 'elapsed_time_seconds': 0.913483,
 'finish_reason': 'finished',
 'finish_time': datetime.datetime(2022, 6, 23, 9, 4, 34, 597690),
 'log_count/DEBUG': 2,
 'log_count/ERROR': 1,
 'log_count/INFO': 10,
 'response_received_count': 1,
 'scheduler/dequeued': 2,
 'scheduler/dequeued/memory': 2,
 'scheduler/enqueued': 2,
 'scheduler/enqueued/memory': 2,
 'spider_exceptions/KeyError': 1,
 'start_time': datetime.datetime(2022, 6, 23, 9, 4, 33, 684207)}
2022-06-23 16:04:34 [scrapy.core.engine] INFO: Spider closed (finished)
