2022-06-24 22:04:54 [scrapy.utils.log] INFO: Scrapy 1.7.3 started (bot: crawltest)
2022-06-24 22:04:54 [scrapy.utils.log] INFO: Versions: lxml 4.4.1.0, libxml2 2.9.5, cssselect 1.1.0, parsel 1.5.2, w3lib 1.21.0, Twisted 19.7.0, Python 3.6.0 (v3.6.0:41df79263a11, Dec 23 2016, 08:06:12) [MSC v.1900 64 bit (AMD64)], pyOpenSSL 19.0.0 (OpenSSL 1.1.1c  28 May 2019), cryptography 2.7, Platform Windows-10-10.0.19041-SP0
2022-06-24 22:04:54 [scrapy.crawler] INFO: Overridden settings: {'BOT_NAME': 'crawltest', 'DOWNLOAD_DELAY': 1, 'DUPEFILTER_CLASS': 'scrapy_splash.SplashAwareDupeFilter', 'HTTPCACHE_STORAGE': 'scrapy_splash.SplashAwareFSCacheStorage', 'LOG_FILE': 'logs\\default\\shopee_crawl2\\ff7fb86ef3ce11eca787acd564a90faa.log', 'NEWSPIDER_MODULE': 'crawltest.spiders', 'SPIDER_MODULES': ['crawltest.spiders'], 'USER_AGENT': 'Mozilla/5.0 (compatible; Googlebot/2.1; +http://www.google.com/bot.html)'}
2022-06-24 22:04:54 [scrapy.extensions.telnet] INFO: Telnet Password: 2b9c70b9930f7365
2022-06-24 22:04:54 [scrapy.middleware] INFO: Enabled extensions:
['scrapy.extensions.corestats.CoreStats',
 'scrapy.extensions.telnet.TelnetConsole',
 'scrapy.extensions.logstats.LogStats']
2022-06-24 22:04:54 [scrapy.middleware] INFO: Enabled downloader middlewares:
['scrapy.downloadermiddlewares.httpauth.HttpAuthMiddleware',
 'scrapy.downloadermiddlewares.downloadtimeout.DownloadTimeoutMiddleware',
 'scrapy.downloadermiddlewares.defaultheaders.DefaultHeadersMiddleware',
 'scrapy.downloadermiddlewares.useragent.UserAgentMiddleware',
 'scrapy.downloadermiddlewares.retry.RetryMiddleware',
 'scrapy.downloadermiddlewares.redirect.MetaRefreshMiddleware',
 'scrapy.downloadermiddlewares.redirect.RedirectMiddleware',
 'scrapy.downloadermiddlewares.cookies.CookiesMiddleware',
 'scrapy_splash.SplashCookiesMiddleware',
 'scrapy_splash.SplashMiddleware',
 'scrapy.downloadermiddlewares.httpproxy.HttpProxyMiddleware',
 'scrapy.downloadermiddlewares.httpcompression.HttpCompressionMiddleware',
 'scrapy.downloadermiddlewares.stats.DownloaderStats']
2022-06-24 22:04:54 [scrapy.middleware] INFO: Enabled spider middlewares:
['scrapy.spidermiddlewares.httperror.HttpErrorMiddleware',
 'scrapy_splash.SplashDeduplicateArgsMiddleware',
 'scrapy.spidermiddlewares.offsite.OffsiteMiddleware',
 'scrapy.spidermiddlewares.referer.RefererMiddleware',
 'scrapy.spidermiddlewares.urllength.UrlLengthMiddleware',
 'scrapy.spidermiddlewares.depth.DepthMiddleware']
2022-06-24 22:04:54 [scrapy.middleware] INFO: Enabled item pipelines:
[]
2022-06-24 22:04:54 [scrapy.core.engine] INFO: Spider opened
2022-06-24 22:04:54 [scrapy.extensions.logstats] INFO: Crawled 0 pages (at 0 pages/min), scraped 0 items (at 0 items/min)
2022-06-24 22:04:54 [scrapy.utils.signal] ERROR: Error caught on signal handler: <bound method OffsiteMiddleware.spider_opened of <scrapy.spidermiddlewares.offsite.OffsiteMiddleware object at 0x0000022DC4F83DD8>>
Traceback (most recent call last):
  File "C:\Users\DELL\Desktop\Git\MyEcommerceApp\venv\lib\site-packages\twisted\internet\defer.py", line 151, in maybeDeferred
    result = f(*args, **kw)
  File "C:\Users\DELL\Desktop\Git\MyEcommerceApp\venv\lib\site-packages\pydispatch\robustapply.py", line 55, in robustApply
    return receiver(*arguments, **named)
  File "C:\Users\DELL\Desktop\Git\MyEcommerceApp\venv\lib\site-packages\scrapy\spidermiddlewares\offsite.py", line 67, in spider_opened
    self.host_regex = self.get_host_regex(spider)
  File "C:\Users\DELL\Desktop\Git\MyEcommerceApp\venv\lib\site-packages\scrapy\spidermiddlewares\offsite.py", line 58, in get_host_regex
    if url_pattern.match(domain):
TypeError: expected string or bytes-like object
2022-06-24 22:04:54 [scrapy.extensions.telnet] INFO: Telnet console listening on 127.0.0.1:6023
2022-06-24 22:04:59 [scrapy.core.engine] DEBUG: Crawled (200) <GET about:blank via http://127.0.0.1:8050/render.html> (referer: None)
2022-06-24 22:04:59 [scrapy.core.engine] INFO: Closing spider (finished)
2022-06-24 22:04:59 [scrapy.statscollectors] INFO: Dumping Scrapy stats:
{'downloader/request_bytes': 922,
 'downloader/request_count': 1,
 'downloader/request_method_count/POST': 1,
 'downloader/response_bytes': 162,
 'downloader/response_count': 1,
 'downloader/response_status_count/200': 1,
 'elapsed_time_seconds': 5.035214,
 'finish_reason': 'finished',
 'finish_time': datetime.datetime(2022, 6, 24, 15, 4, 59, 327134),
 'log_count/DEBUG': 1,
 'log_count/ERROR': 1,
 'log_count/INFO': 10,
 'response_received_count': 1,
 'scheduler/dequeued': 2,
 'scheduler/dequeued/memory': 2,
 'scheduler/enqueued': 2,
 'scheduler/enqueued/memory': 2,
 'splash/render.html/request_count': 1,
 'splash/render.html/response_count/200': 1,
 'start_time': datetime.datetime(2022, 6, 24, 15, 4, 54, 291920)}
2022-06-24 22:04:59 [scrapy.core.engine] INFO: Spider closed (finished)
